[17:39:09] [ServerMain/INFO]: [bootstrap] Running Java 21 (OpenJDK 64-Bit Server VM 21.0.6+7-Ubuntu-120.04.1; Ubuntu null) on Linux 6.8.0-1026-azure (amd64)
[17:39:09] [ServerMain/INFO]: [bootstrap] Loading Paper 1.21-130-master@b1b5d4c (2024-08-10T10:02:42Z) for Minecraft 1.21
[17:39:11] [ServerMain/INFO]: [PluginInitializerManager] Initializing plugins...
[17:39:13] [ServerMain/INFO]: [PluginInitializerManager] Initialized 2 plugins
[17:39:13] [ServerMain/INFO]: [PluginInitializerManager] Bukkit plugins (2):
 - Skript (2.9.5), WorldEdit (7.3.5+6880-8ba3d89)
[17:39:24] [ServerMain/INFO]: Environment: Environment[sessionHost=https://sessionserver.mojang.com, servicesHost=https://api.minecraftservices.com, name=PROD]
[17:39:30] [ServerMain/INFO]: Loaded 1290 recipes
[17:39:30] [ServerMain/INFO]: Loaded 1399 advancements
[17:39:31] [Server thread/INFO]: Starting minecraft server version 1.21
[17:39:31] [Server thread/INFO]: Loading properties
[17:39:31] [Server thread/INFO]: This server is running Paper version 1.21-130-master@b1b5d4c (2024-08-10T10:02:42Z) (Implementing API version 1.21-R0.1-SNAPSHOT)
[17:39:33] [Server thread/WARN]: Couldn't load server icon
java.lang.IllegalArgumentException: BufferedImage must be 64 pixels wide (65)
	at com.google.common.base.Preconditions.checkArgument(Preconditions.java:191) ~[guava-32.1.2-jre.jar:?]
	at org.bukkit.craftbukkit.CraftServer.loadServerIcon0(CraftServer.java:2670) ~[paper-1.21.jar:1.21-130-b1b5d4c]
	at org.bukkit.craftbukkit.CraftServer.loadServerIcon0(CraftServer.java:2660) ~[paper-1.21.jar:1.21-130-b1b5d4c]
	at org.bukkit.craftbukkit.CraftServer.loadIcon(CraftServer.java:1193) ~[paper-1.21.jar:1.21-130-b1b5d4c]
	at org.bukkit.craftbukkit.CraftServer.<init>(CraftServer.java:469) ~[paper-1.21.jar:1.21-130-b1b5d4c]
	at net.minecraft.server.players.PlayerList.<init>(PlayerList.java:165) ~[paper-1.21.jar:1.21-130-b1b5d4c]
	at net.minecraft.server.dedicated.DedicatedPlayerList.<init>(DedicatedPlayerList.java:16) ~[paper-1.21.jar:1.21-130-b1b5d4c]
	at net.minecraft.server.dedicated.DedicatedServer.initServer(DedicatedServer.java:220) ~[paper-1.21.jar:1.21-130-b1b5d4c]
	at net.minecraft.server.MinecraftServer.runServer(MinecraftServer.java:1215) ~[paper-1.21.jar:1.21-130-b1b5d4c]
	at net.minecraft.server.MinecraftServer.lambda$spin$0(MinecraftServer.java:330) ~[paper-1.21.jar:1.21-130-b1b5d4c]
	at java.base/java.lang.Thread.run(Thread.java:1583) ~[?:?]
[17:39:33] [Server thread/INFO]: [spark] This server bundles the spark profiler. For more information please visit https://docs.papermc.io/paper/profiling
[17:39:33] [Server thread/INFO]: Using 4 threads for Netty based IO
[17:39:33] [Server thread/INFO]: Server Ping Player Sample Count: 12
[17:39:36] [Server thread/INFO]: [ChunkTaskScheduler] Chunk system is using 1 I/O threads, 1 worker threads, and population gen parallelism of 1 threads
[17:39:36] [Server thread/INFO]: Default game type: SURVIVAL
[17:39:36] [Server thread/INFO]: Generating keypair
[17:39:37] [Server thread/INFO]: Starting Minecraft server on *:25565
[17:39:37] [Server thread/INFO]: Using epoll channel type
[17:39:37] [Server thread/INFO]: Paper: Using libdeflate (Linux x86_64) compression from Velocity.
[17:39:37] [Server thread/INFO]: Paper: Using OpenSSL 1.1.x (Linux x86_64) cipher from Velocity.
[17:39:38] [Server thread/INFO]: [Skript] Loading server plugin Skript v2.9.5
[17:39:38] [Server thread/INFO]: [WorldEdit] Loading server plugin WorldEdit v7.3.5+6880-8ba3d89
[17:39:43] [Server thread/INFO]: Got request to register class com.sk89q.worldedit.bukkit.BukkitServerInterface with WorldEdit [com.sk89q.worldedit.extension.platform.PlatformManager@56b486b3]
[17:39:43] [Server thread/INFO]: Server permissions file permissions.yml is empty, ignoring it
[17:39:43] [Server thread/INFO]: [WorldEdit] Enabling WorldEdit v7.3.5+6880-8ba3d89
[17:39:43] [Server thread/INFO]: Registering commands with com.sk89q.worldedit.bukkit.BukkitServerInterface
[17:39:43] [Server thread/INFO]: WEPIF: Using the Bukkit Permissions API.
[17:39:45] [Server thread/INFO]: Using com.sk89q.worldedit.bukkit.adapter.impl.v1_21.PaperweightAdapter as the Bukkit adapter
[17:39:48] [Server thread/INFO]: Preparing level "world"
[17:39:50] [Server thread/INFO]: Preparing start region for dimension minecraft:overworld
[17:39:51] [Server thread/INFO]: Time elapsed: 968 ms
[17:39:51] [Server thread/INFO]: Preparing start region for dimension minecraft:the_nether
[17:39:53] [Server thread/INFO]: Time elapsed: 1930 ms
[17:39:53] [Server thread/INFO]: Preparing start region for dimension minecraft:the_end
[17:39:54] [Server thread/INFO]: Time elapsed: 790 ms
[17:39:54] [Server thread/INFO]: [Skript] Enabling Skript v2.9.5
[17:39:56] [Thread-8/INFO]: [Skript] A new version of Skript is available: 2.11.0 (you're currently running 2.9.5)
[17:39:56] [Thread-8/INFO]: Download it at: <aqua><u><link:https://github.com/SkriptLang/Skript/releases/download/2.11.0/Skript-2.11.0.jar>https://github.com/SkriptLang/Skript/releases/download/2.11.0/Skript-2.11.0.jar
[17:40:14] [Server thread/INFO]: [Skript] Loaded 233074 aliases in 18004ms
[17:40:16] [Server thread/INFO]: [Skript]  ~ created by & © Peter Güttinger aka Njol ~
[17:40:16] [Server thread/INFO]: [spark] Starting background profiler...
[17:40:16] [Server thread/INFO]: Done preparing level "world" (27.966s)
[17:40:16] [Server thread/ERROR]: Couldn't load server icon
java.lang.IllegalStateException: Must be 64 pixels wide
	at com.google.common.base.Preconditions.checkState(Preconditions.java:512) ~[guava-32.1.2-jre.jar:?]
	at net.minecraft.server.MinecraftServer.lambda$loadStatusIcon$17(MinecraftServer.java:1553) ~[paper-1.21.jar:1.21-130-b1b5d4c]
	at java.base/java.util.Optional.flatMap(Optional.java:289) ~[?:?]
	at net.minecraft.server.MinecraftServer.loadStatusIcon(MinecraftServer.java:1549) ~[paper-1.21.jar:1.21-130-b1b5d4c]
	at net.minecraft.server.MinecraftServer.runServer(MinecraftServer.java:1220) ~[paper-1.21.jar:1.21-130-b1b5d4c]
	at net.minecraft.server.MinecraftServer.lambda$spin$0(MinecraftServer.java:330) ~[paper-1.21.jar:1.21-130-b1b5d4c]
	at java.base/java.lang.Thread.run(Thread.java:1583) ~[?:?]
[17:40:16] [Server thread/INFO]: Running delayed init tasks
[17:40:16] [Server thread/INFO]: [Skript] Loading variables...
[17:40:16] [Server thread/INFO]: [Skript] Loaded 0 variables in 0.0 seconds
[17:40:17] [Server thread/INFO]: [Skript] All scripts loaded without errors.
[17:40:17] [Server thread/INFO]: [Skript] Loaded 1 script with a total of 2 structures in 0.53 seconds
[17:40:17] [Server thread/INFO]: [Skript] Finished loading.
[17:40:17] [Server thread/INFO]: Done (70.633s)! For help, type "help"
[17:40:17] [Server thread/INFO]: Timings Reset
[17:40:17] [Server thread/INFO]: SrT1soMars (/127.230.49.215:60677) lost connection: Disconnected
[17:40:21] [User Authenticator #0/INFO]: UUID of player xArgon_SB is fca2f36c-0fe1-485c-99df-a61318f42e70
[17:40:23] [Server thread/INFO]: xArgon_SB joined the game
[17:40:23] [User Authenticator #0/INFO]: UUID of player xTPR_MC is 77510e86-4a7a-4b9a-8563-4fec5b745d56
[17:40:23] [Server thread/INFO]: xArgon_SB[/127.246.80.119:60079] logged in with entity id 11 at ([world]9.075664211316736, -58.0, 2.984229550803318)
[17:40:25] [Server thread/INFO]: xTPR_MC joined the game
[17:40:25] [Server thread/INFO]: xTPR_MC[/127.196.172.124:57201] logged in with entity id 12 at ([world]8.43646604551344, -58.0, 14.725964744963802)
[17:40:30] [User Authenticator #0/INFO]: UUID of player SrT1soMars is a82ba0c5-8b3a-4937-b412-8560c0f42756
[17:40:32] [Server thread/INFO]: SrT1soMars joined the game
[17:40:32] [Server thread/INFO]: SrT1soMars[/127.230.49.215:46785] logged in with entity id 13 at ([world]7.5825905560238605, -54.0, 7.1365047588994175)
[17:40:37] [Server thread/INFO]: xTPR_MC issued server command: /respuestav hola
[17:40:45] [Server thread/INFO]: xArgon_SB issued server command: /kill SrT1soMars
[17:40:45] [Server thread/INFO]: SrT1soMars was killed
[17:40:45] [Server thread/INFO]: [xArgon_SB: Killed SrT1soMars]
[17:40:56] [Server thread/INFO]: xTPR_MC issued server command: /respuestav hola
[17:41:13] [Server thread/INFO]: xArgon_SB issued server command: /kill SrT1soMars
[17:41:13] [Server thread/INFO]: SrT1soMars was killed
[17:41:13] [Server thread/INFO]: [xArgon_SB: Killed SrT1soMars]
[17:41:16] [Server thread/INFO]: xTPR_MC issued server command: /up 1
[17:41:22] [Server thread/INFO]: xTPR_MC issued server command: /up 1
[17:41:25] [Server thread/INFO]: SrT1soMars issued server command: /up 1
[17:41:32] [Server thread/INFO]: xArgon_SB issued server command: /up 1
[17:42:44] [Server thread/INFO]: SrT1soMars issued server command: /gamemode survival xArgon_SB
[17:42:44] [Server thread/INFO]: [SrT1soMars: Set xArgon_SB's game mode to Survival Mode]
[17:42:46] [Server thread/INFO]: xArgon_SB was slain by SrT1soMars
[17:42:55] [Server thread/INFO]: xArgon_SB issued server command: /gamemode creative
[17:42:55] [Server thread/INFO]: [xArgon_SB: Set own game mode to Creative Mode]
[17:44:09] [Server thread/INFO]: xArgon_SB has made the advancement [Ice Bucket Challenge]
[17:44:17] [Server thread/INFO]: SrT1soMars has completed the challenge [Cover Me in Debris]
[17:44:23] [Server thread/INFO]: SrT1soMars has made the advancement [We Need to Go Deeper]
[17:44:24] [Server thread/INFO]: xArgon_SB has made the advancement [We Need to Go Deeper]
[17:44:38] [Server thread/INFO]: xTPR_MC issued server command: /tp @a
[17:44:42] [Server thread/INFO]: xTPR_MC issued server command: /tp @a xTPR_MC
[17:44:42] [Server thread/INFO]: [xTPR_MC: Teleported 3 entities to xTPR_MC]
[17:45:01] [User Authenticator #1/INFO]: UUID of player NicoPeMC is 92ed71d5-fb1f-43c2-a9e4-e661993f2a3e
[17:45:02] [Server thread/INFO]: NicoPeMC joined the game
[17:45:02] [Server thread/INFO]: NicoPeMC[/127.241.141.254:51145] logged in with entity id 117 at ([world]4.5, -58.0, 5.5)
[17:45:05] [Server thread/INFO]: SrT1soMars fell out of the world
[17:45:24] [Server thread/INFO]: NicoPeMC fell out of the world
[17:45:30] [Server thread/INFO]: NicoPeMC was slain by xArgon_SB
[17:45:46] [Server thread/INFO]: NicoPeMC fell out of the world
[17:45:49] [Server thread/INFO]: NicoPeMC was slain by xArgon_SB
[17:45:49] [Async Chat Thread - #2/INFO]: <NicoPeMC> a
[17:45:51] [Async Chat Thread - #2/INFO]: <xArgon_SB> XD
[17:45:52] [Server thread/INFO]: NicoPeMC lost connection: Disconnected
[17:45:52] [Server thread/INFO]: NicoPeMC left the game
[17:45:56] [User Authenticator #1/INFO]: UUID of player NicoPeMC is 92ed71d5-fb1f-43c2-a9e4-e661993f2a3e
[17:45:57] [Server thread/INFO]: NicoPeMC joined the game
[17:45:57] [Server thread/INFO]: NicoPeMC[/127.241.141.254:37209] logged in with entity id 125 at ([world]8.305077706644084, -58.0, 7.925145336518255)
[17:46:03] [Server thread/INFO]: NicoPeMC was slain by SrT1soMars
[17:46:04] [Server thread/INFO]: xTPR_MC issued server command: /respuestav hola
[17:46:14] [Server thread/INFO]: xTPR_MC issued server command: /respuestav hola
[17:46:15] [Server thread/INFO]: NicoPeMC was slain by xArgon_SB
[17:46:25] [Server thread/INFO]: NicoPeMC fell out of the world
[17:46:39] [Server thread/INFO]: NicoPeMC didn't want to live in the same world as xArgon_SB
[17:46:45] [Server thread/INFO]: NicoPeMC was slain by xArgon_SB
[17:46:45] [Server thread/INFO]: NicoPeMC issued server command: /respuestav Callate
[17:46:58] [Server thread/INFO]: NicoPeMC was slain by xArgon_SB
[17:47:05] [Server thread/INFO]: xTPR_MC issued server command: /op NicoPeMC
[17:47:05] [Server thread/INFO]: [xTPR_MC: Made NicoPeMC a server operator]
[17:47:05] [Server thread/INFO]: SrT1soMars issued server command: /kill xArgon_SB
[17:47:05] [Server thread/INFO]: xArgon_SB was killed
[17:47:05] [Server thread/INFO]: [SrT1soMars: Killed xArgon_SB]
[17:47:09] [Server thread/INFO]: xTPR_MC issued server command: /gamemode creative NicoPeMC
[17:47:09] [Server thread/INFO]: [xTPR_MC: Set NicoPeMC's game mode to Creative Mode]
[17:47:21] [Server thread/INFO]: xTPR_MC issued server command: /time set day
[17:47:21] [Server thread/INFO]: [xTPR_MC: Set the time to 1000]
[17:47:23] [Server thread/INFO]: SrT1soMars has made the advancement [Who Needs Rockets?]
[17:47:51] [Server thread/INFO]: xArgon_SB has made the advancement [Spooky Scary Skeleton]
[17:48:21] [Server thread/INFO]: xTPR_MC fell out of the world
